<?xml version="1.0" encoding="UTF-8"?>
<testsuite name="Model.SmartHouses_ESTest" time="0.274" tests="91" errors="0" skipped="0" failures="0">
  <properties>
[...]
</properties>
  <testcase name="test70" classname="Model.SmartHouses_ESTest" time="0.003"/>
  <testcase name="test71" classname="Model.SmartHouses_ESTest" time="0.001"/>
  <testcase name="test72" classname="Model.SmartHouses_ESTest" time="0.002"/>
  <testcase name="test73" classname="Model.SmartHouses_ESTest" time="0.001"/>
  <testcase name="test30" classname="Model.SmartHouses_ESTest" time="0.002"/>
  <testcase name="test74" classname="Model.SmartHouses_ESTest" time="0.003"/>
  <testcase name="test31" classname="Model.SmartHouses_ESTest" time="0.006"/>
  <testcase name="test75" classname="Model.SmartHouses_ESTest" time="0.002"/>
  <testcase name="test32" classname="Model.SmartHouses_ESTest" time="0.003"/>
  <testcase name="test76" classname="Model.SmartHouses_ESTest" time="0.003"/>
  <testcase name="test33" classname="Model.SmartHouses_ESTest" time="0.01"/>
  <testcase name="test77" classname="Model.SmartHouses_ESTest" time="0.006"/>
  <testcase name="test34" classname="Model.SmartHouses_ESTest" time="0.001"/>
  <testcase name="test78" classname="Model.SmartHouses_ESTest" time="0.002"/>
  <testcase name="test35" classname="Model.SmartHouses_ESTest" time="0.002"/>
  <testcase name="test79" classname="Model.SmartHouses_ESTest" time="0.007"/>
  <testcase name="test36" classname="Model.SmartHouses_ESTest" time="0.001"/>
  <testcase name="test37" classname="Model.SmartHouses_ESTest" time="0.001"/>
  <testcase name="test38" classname="Model.SmartHouses_ESTest" time="0.001"/>
  <testcase name="test39" classname="Model.SmartHouses_ESTest" time="0.004"/>
  <testcase name="test60" classname="Model.SmartHouses_ESTest" time="0.003"/>
  <testcase name="test61" classname="Model.SmartHouses_ESTest" time="0.002"/>
  <testcase name="test62" classname="Model.SmartHouses_ESTest" time="0.002"/>
  <testcase name="test63" classname="Model.SmartHouses_ESTest" time="0.002"/>
  <testcase name="test20" classname="Model.SmartHouses_ESTest" time="0.001"/>
  <testcase name="test64" classname="Model.SmartHouses_ESTest" time="0.001"/>
  <testcase name="test21" classname="Model.SmartHouses_ESTest" time="0.002"/>
  <testcase name="test65" classname="Model.SmartHouses_ESTest" time="0.001"/>
  <testcase name="test22" classname="Model.SmartHouses_ESTest" time="0.002"/>
  <testcase name="test66" classname="Model.SmartHouses_ESTest" time="0.001"/>
  <testcase name="test23" classname="Model.SmartHouses_ESTest" time="0.002"/>
  <testcase name="test67" classname="Model.SmartHouses_ESTest" time="0.001"/>
  <testcase name="test24" classname="Model.SmartHouses_ESTest" time="0.002"/>
  <testcase name="test68" classname="Model.SmartHouses_ESTest" time="0.002"/>
  <testcase name="test25" classname="Model.SmartHouses_ESTest" time="0.001"/>
  <testcase name="test69" classname="Model.SmartHouses_ESTest" time="0.002"/>
  <testcase name="test26" classname="Model.SmartHouses_ESTest" time="0.001"/>
  <testcase name="test27" classname="Model.SmartHouses_ESTest" time="0.002"/>
  <testcase name="test28" classname="Model.SmartHouses_ESTest" time="0.001"/>
  <testcase name="test29" classname="Model.SmartHouses_ESTest" time="0.001"/>
  <testcase name="test90" classname="Model.SmartHouses_ESTest" time="0.002"/>
  <testcase name="test50" classname="Model.SmartHouses_ESTest" time="0.002"/>
  <testcase name="test51" classname="Model.SmartHouses_ESTest" time="0.001"/>
  <testcase name="test52" classname="Model.SmartHouses_ESTest" time="0.002"/>
  <testcase name="test53" classname="Model.SmartHouses_ESTest" time="0.001"/>
  <testcase name="test10" classname="Model.SmartHouses_ESTest" time="0.002"/>
  <testcase name="test54" classname="Model.SmartHouses_ESTest" time="0.002"/>
  <testcase name="test11" classname="Model.SmartHouses_ESTest" time="0.001"/>
  <testcase name="test55" classname="Model.SmartHouses_ESTest" time="0.001"/>
  <testcase name="test12" classname="Model.SmartHouses_ESTest" time="0.004"/>
  <testcase name="test56" classname="Model.SmartHouses_ESTest" time="0.002"/>
  <testcase name="test13" classname="Model.SmartHouses_ESTest" time="0.001"/>
  <testcase name="test57" classname="Model.SmartHouses_ESTest" time="0.002"/>
  <testcase name="test14" classname="Model.SmartHouses_ESTest" time="0.005"/>
  <testcase name="test58" classname="Model.SmartHouses_ESTest" time="0.002"/>
  <testcase name="test15" classname="Model.SmartHouses_ESTest" time="0.001"/>
  <testcase name="test59" classname="Model.SmartHouses_ESTest" time="0.001"/>
  <testcase name="test16" classname="Model.SmartHouses_ESTest" time="0.002"/>
  <testcase name="test17" classname="Model.SmartHouses_ESTest" time="0.002"/>
  <testcase name="test18" classname="Model.SmartHouses_ESTest" time="0.002"/>
  <testcase name="test19" classname="Model.SmartHouses_ESTest" time="0.001"/>
  <testcase name="test80" classname="Model.SmartHouses_ESTest" time="0.002"/>
  <testcase name="test81" classname="Model.SmartHouses_ESTest" time="0.002"/>
  <testcase name="test82" classname="Model.SmartHouses_ESTest" time="0.001"/>
  <testcase name="test83" classname="Model.SmartHouses_ESTest" time="0.015"/>
  <testcase name="test40" classname="Model.SmartHouses_ESTest" time="0.004"/>
  <testcase name="test84" classname="Model.SmartHouses_ESTest" time="0.004"/>
  <testcase name="test41" classname="Model.SmartHouses_ESTest" time="0.005"/>
  <testcase name="test85" classname="Model.SmartHouses_ESTest" time="0.005"/>
  <testcase name="test42" classname="Model.SmartHouses_ESTest" time="0.004"/>
  <testcase name="test86" classname="Model.SmartHouses_ESTest" time="0.005"/>
  <testcase name="test43" classname="Model.SmartHouses_ESTest" time="0.006"/>
  <testcase name="test87" classname="Model.SmartHouses_ESTest" time="0.005"/>
  <testcase name="test00" classname="Model.SmartHouses_ESTest" time="0.005"/>
  <testcase name="test44" classname="Model.SmartHouses_ESTest" time="0.005"/>
  <testcase name="test88" classname="Model.SmartHouses_ESTest" time="0.004"/>
  <testcase name="test01" classname="Model.SmartHouses_ESTest" time="0.008"/>
  <testcase name="test45" classname="Model.SmartHouses_ESTest" time="0.004"/>
  <testcase name="test89" classname="Model.SmartHouses_ESTest" time="0.005"/>
  <testcase name="test02" classname="Model.SmartHouses_ESTest" time="0.005"/>
  <testcase name="test46" classname="Model.SmartHouses_ESTest" time="0.003"/>
  <testcase name="test03" classname="Model.SmartHouses_ESTest" time="0.005"/>
  <testcase name="test47" classname="Model.SmartHouses_ESTest" time="0.004"/>
  <testcase name="test04" classname="Model.SmartHouses_ESTest" time="0.004"/>
  <testcase name="test48" classname="Model.SmartHouses_ESTest" time="0.005"/>
  <testcase name="test05" classname="Model.SmartHouses_ESTest" time="0.005"/>
  <testcase name="test49" classname="Model.SmartHouses_ESTest" time="0.004"/>
  <testcase name="test06" classname="Model.SmartHouses_ESTest" time="0.004"/>
  <testcase name="test07" classname="Model.SmartHouses_ESTest" time="0.004"/>
  <testcase name="test08" classname="Model.SmartHouses_ESTest" time="0.005"/>
  <testcase name="test09" classname="Model.SmartHouses_ESTest" time="0.005"/>
</testsuite>